build/outputs/logs/manifest-merger-debug-report.txt
-- Merging decision tree log ---
manifest
ADDED from src\main\AndroidManifest.xml:2:1-26:12
	package
		ADDED from src\main\AndroidManifest.xml:3:11-53
		INJECTED from src\main\AndroidManifest.xml
		INJECTED from src\main\AndroidManifest.xml
	android:versionName
		INJECTED from src\main\AndroidManifest.xml
		INJECTED from src\main\AndroidManifest.xml
	xmlns:android
		ADDED from src\main\AndroidManifest.xml:2:11-69
	android:versionCode
		INJECTED from src\main\AndroidManifest.xml
		INJECTED from src\main\AndroidManifest.xml
application
ADDED from src\main\AndroidManifest.xml:5:5-24:19
MERGED from [com.android.support:appcompat-v7:24.0.0-beta1] AndroidManifest.xml:25:5-20
MERGED from [com.android.support:support-v4:24.0.0-beta1] AndroidManifest.xml:25:5-20
MERGED from [com.android.support:support-vector-drawable:24.0.0-beta1] AndroidManifest.xml:23:5-20
MERGED from [com.android.support:support-v4:24.0.0-beta1] AndroidManifest.xml:25:5-20
MERGED from [com.android.support:animated-vector-drawable:24.0.0-beta1] AndroidManifest.xml:22:5-20
MERGED from [com.android.support:support-vector-drawable:24.0.0-beta1] AndroidManifest.xml:23:5-20
MERGED from [com.android.support:support-v4:24.0.0-beta1] AndroidManifest.xml:25:5-20
	android:label
		ADDED from src\main\AndroidManifest.xml:8:13-45
	android:supportsRtl
		ADDED from src\main\AndroidManifest.xml:9:13-39
	android:allowBackup
		ADDED from src\main\AndroidManifest.xml:6:13-39
	android:icon
		ADDED from src\main\AndroidManifest.xml:7:13-47
	android:theme
		ADDED from src\main\AndroidManifest.xml:10:13-44
activity#com.example.sofina.myapplication.MainActivity
ADDED from src\main\AndroidManifest.xml:11:9-17:20
	android:name
		ADDED from src\main\AndroidManifest.xml:11:19-47
intent-filter#android.intent.action.MAIN+android.intent.category.LAUNCHER
ADDED from src\main\AndroidManifest.xml:12:13-16:29
action#android.intent.action.MAIN
ADDED from src\main\AndroidManifest.xml:13:17-68
	android:name
		ADDED from src\main\AndroidManifest.xml:13:25-66
category#android.intent.category.LAUNCHER
ADDED from src\main\AndroidManifest.xml:15:17-76
	android:name
		ADDED from src\main\AndroidManifest.xml:15:27-74
activity#com.example.sofina.myapplication.DropActivity
ADDED from src\main\AndroidManifest.xml:18:9-22:55
	android:screenOrientation
		ADDED from src\main\AndroidManifest.xml:22:17-53
	android:label
		ADDED from src\main\AndroidManifest.xml:21:17-53
	android:configChanges
		ADDED from src\main\AndroidManifest.xml:20:17-67
	android:name
		ADDED from src\main\AndroidManifest.xml:19:17-45
uses-sdk
INJECTED from src\main\AndroidManifest.xml reason: use-sdk injection requested
MERGED from [com.android.support:appcompat-v7:24.0.0-beta1] AndroidManifest.xml:21:5-23:78
MERGED from [com.android.support:support-v4:24.0.0-beta1] AndroidManifest.xml:21:5-23:54
MERGED from [com.android.support:support-vector-drawable:24.0.0-beta1] AndroidManifest.xml:21:5-43
MERGED from [com.android.support:support-v4:24.0.0-beta1] AndroidManifest.xml:21:5-23:54
MERGED from [com.android.support:animated-vector-drawable:24.0.0-beta1] AndroidManifest.xml:20:5-44
MERGED from [com.android.support:support-vector-drawable:24.0.0-beta1] AndroidManifest.xml:21:5-43
MERGED from [com.android.support:support-v4:24.0.0-beta1] AndroidManifest.xml:21:5-23:54
	tools:overrideLibrary
		ADDED from [com.android.support:appcompat-v7:24.0.0-beta1] AndroidManifest.xml:23:9-75
	android:targetSdkVersion
		INJECTED from src\main\AndroidManifest.xml
		INJECTED from src\main\AndroidManifest.xml
	android:minSdkVersion
		INJECTED from src\main\AndroidManifest.xml
		INJECTED from src\main\AndroidManifest.xml